#
# There is insufficient memory for the Java Runtime Environment to continue.
# Native memory allocation (mmap) failed to map 132120576 bytes for Failed to commit area from 0x0000000082a00000 to 0x000000008a800000 of length 132120576.
# Possible reasons:
#   The system is out of physical RAM or swap space
#   The process is running with CompressedOops enabled, and the Java Heap may be blocking the growth of the native heap
# Possible solutions:
#   Reduce memory load on the system
#   Increase physical memory or swap space
#   Check if swap backing store is full
#   Decrease Java heap size (-Xmx/-Xms)
#   Decrease number of Java threads
#   Decrease Java thread stack sizes (-Xss)
#   Set larger code cache with -XX:ReservedCodeCacheSize=
# This output file may be truncated or incomplete.
#
#  Out of Memory Error (c:/BuildAgent/work/5ff2f6c26000d570/src/hotspot/os/windows/os_windows.cpp:3291), pid=7196, tid=11436
#
# JRE version:  (11.0.5+10) (build )
# Java VM: OpenJDK 64-Bit Server VM (11.0.5+10-b520.30, mixed mode, aot, sharing, tiered, compressed oops, g1 gc, windows-amd64)
# No core dump will be written. Minidumps are not enabled by default on client versions of Windows
#

---------------  S U M M A R Y ------------

Command Line: org.jetbrains.git4idea.http.GitAskPassApp Username for 'https://github.com': 

Host: Intel(R) Core(TM) i3-6006U CPU @ 2.00GHz, 4 cores, 7G,  Windows 10 , 64 bit Build 19041 (10.0.19041.928)
Time: Sat Jun 12 14:36:38 2021 FLE Daylight Time elapsed time: 0 seconds (0d 0h 0m 0s)

---------------  T H R E A D  ---------------

Current thread (0x00000197e53bd000):  JavaThread "Unknown thread" [_thread_in_vm, id=11436, stack(0x0000007cce600000,0x0000007cce700000)]

Stack: [0x0000007cce600000,0x0000007cce700000]
Native frames: (J=compiled Java code, j=interpreted, Vv=VM code, C=native code)
V  [jvm.dll+0x5dcafa]
V  [jvm.dll+0x70e375]
V  [jvm.dll+0x70f898]
V  [jvm.dll+0x70ff63]
V  [jvm.dll+0x23e238]
V  [jvm.dll+0x5da1c4]
V  [jvm.dll+0x5cf265]
V  [jvm.dll+0x2fac3b]
V  [jvm.dll+0x2fabaa]
V  [jvm.dll+0x2faa82]
V  [jvm.dll+0x2ff956]
V  [jvm.dll+0x3480d3]
V  [jvm.dll+0x3487d6]
V  [jvm.dll+0x3481d3]
V  [jvm.dll+0x2d5548]
V  [jvm.dll+0x2d66e7]
V  [jvm.dll+0x6ed237]
V  [jvm.dll+0x6eea2c]
V  [jvm.dll+0x355849]
V  [jvm.dll+0x6d239e]
V  [jvm.dll+0x3be283]
V  [jvm.dll+0x3c0701]
C  [jli.dll+0x5363]
C  [ucrtbase.dll+0x21bb2]
C  [KERNEL32.DLL+0x17034]
C  [ntdll.dll+0x52651]


---------------  P R O C E S S  ---------------

Threads class SMR info:
_java_thread_list=0x00000197e32c4fb0, length=0, elements={
}

Java Threads: ( => current thread )

Other Threads:
  0x00000197e53d5000 GCTaskThread "GC Thread#0" [stack: 0x0000007cce700000,0x0000007cce800000] [id=2296]
  0x00000197e5405000 ConcurrentGCThread "G1 Main Marker" [stack: 0x0000007cce800000,0x0000007cce900000] [id=8056]
  0x00000197e5408800 ConcurrentGCThread "G1 Conc#0" [stack: 0x0000007cce900000,0x0000007ccea00000] [id=8796]

[error occurred during error reporting (printing all threads), id 0xc0000005, EXCEPTION_ACCESS_VIOLATION (0xc0000005) at pc=0x00007ff949805c17]

VM state:not at safepoint (not fully initialized)

VM Mutex/Monitor currently owned by a thread:  ([mutex/lock_event])
[0x00000197e53bb360] Heap_lock - owner thread: 0x00000197e53bd000

Heap address: 0x0000000082a00000, size: 2006 MB, Compressed Oops mode: Non-zero based: 0x0000000082a00000
Narrow klass base: 0x0000000000000000, Narrow klass shift: 0

GC Heap History (0 events):
No events

Deoptimization events (0 events):
No events

Classes redefined (0 events):
No events

Internal exceptions (0 events):
No events

Events (0 events):
No events


Dynamic libraries:
0x00007ff736160000 - 0x00007ff73616a000 	C:\Program Files\JetBrains\IntelliJ IDEA Community Edition 2019.3.2\jbr\bin\java.exe
0x00007ff9c1010000 - 0x00007ff9c1205000 	C:\WINDOWS\SYSTEM32\ntdll.dll
0x00007ff9bf0d0000 - 0x00007ff9bf18d000 	C:\WINDOWS\System32\KERNEL32.DLL
0x00007ff9beac0000 - 0x00007ff9bed88000 	C:\WINDOWS\System32\KERNELBASE.dll
0x00007ff9be820000 - 0x00007ff9be920000 	C:\WINDOWS\System32\ucrtbase.dll
0x00007ff9978c0000 - 0x00007ff9978d9000 	C:\Program Files\JetBrains\IntelliJ IDEA Community Edition 2019.3.2\jbr\bin\jli.dll
0x00007ff996320000 - 0x00007ff996337000 	C:\Program Files\JetBrains\IntelliJ IDEA Community Edition 2019.3.2\jbr\bin\VCRUNTIME140.dll
0x00007ff9bf290000 - 0x00007ff9bf430000 	C:\WINDOWS\System32\USER32.dll
0x00007ff9bed90000 - 0x00007ff9bedb2000 	C:\WINDOWS\System32\win32u.dll
0x00007ff9bf070000 - 0x00007ff9bf09a000 	C:\WINDOWS\System32\GDI32.dll
0x00007ff9be920000 - 0x00007ff9bea2b000 	C:\WINDOWS\System32\gdi32full.dll
0x00007ff9bee70000 - 0x00007ff9bef0d000 	C:\WINDOWS\System32\msvcp_win.dll
0x00007ff9ae740000 - 0x00007ff9ae9da000 	C:\WINDOWS\WinSxS\amd64_microsoft.windows.common-controls_6595b64144ccf1df_6.0.19041.844_none_ca00b6081b84eb1d\COMCTL32.dll
0x00007ff9bf190000 - 0x00007ff9bf22e000 	C:\WINDOWS\System32\msvcrt.dll
0x00007ff9c0550000 - 0x00007ff9c0580000 	C:\WINDOWS\System32\IMM32.DLL
0x00007ff993c30000 - 0x00007ff993ccd000 	C:\Program Files\JetBrains\IntelliJ IDEA Community Edition 2019.3.2\jbr\bin\msvcp140.dll
0x00007ff949520000 - 0x00007ff949fdb000 	C:\Program Files\JetBrains\IntelliJ IDEA Community Edition 2019.3.2\jbr\bin\server\jvm.dll
0x00007ff9c0920000 - 0x00007ff9c09cc000 	C:\WINDOWS\System32\ADVAPI32.dll
0x00007ff9bfb00000 - 0x00007ff9bfb9b000 	C:\WINDOWS\System32\sechost.dll
0x00007ff9bfcd0000 - 0x00007ff9bfdfb000 	C:\WINDOWS\System32\RPCRT4.dll
0x00007ff9bf0a0000 - 0x00007ff9bf0a8000 	C:\WINDOWS\System32\PSAPI.DLL
0x00007ff9b86c0000 - 0x00007ff9b86c9000 	C:\WINDOWS\SYSTEM32\WSOCK32.dll
0x00007ff9c0e40000 - 0x00007ff9c0eab000 	C:\WINDOWS\System32\WS2_32.dll
0x00007ff99c6a0000 - 0x00007ff99c6c7000 	C:\WINDOWS\SYSTEM32\WINMM.dll
0x00007ff9b89e0000 - 0x00007ff9b89ea000 	C:\WINDOWS\SYSTEM32\VERSION.dll
0x00007ff9bd020000 - 0x00007ff9bd032000 	C:\WINDOWS\SYSTEM32\kernel.appcore.dll
0x00007ff9b36c0000 - 0x00007ff9b36d1000 	C:\Program Files\JetBrains\IntelliJ IDEA Community Edition 2019.3.2\jbr\bin\verify.dll
0x00007ff9bcd50000 - 0x00007ff9bcf34000 	C:\WINDOWS\SYSTEM32\DBGHELP.DLL
0x00007ff9b46e0000 - 0x00007ff9b470c000 	C:\WINDOWS\SYSTEM32\dbgcore.DLL
0x00007ff9be750000 - 0x00007ff9be7d0000 	C:\WINDOWS\System32\bcryptPrimitives.dll
0x00007ff994c20000 - 0x00007ff994c49000 	C:\Program Files\JetBrains\IntelliJ IDEA Community Edition 2019.3.2\jbr\bin\java.dll
0x00007ff996340000 - 0x00007ff996357000 	C:\Program Files\JetBrains\IntelliJ IDEA Community Edition 2019.3.2\jbr\bin\zip.dll
0x00007ff99cb30000 - 0x00007ff99cb3b000 	C:\Program Files\JetBrains\IntelliJ IDEA Community Edition 2019.3.2\jbr\bin\jimage.dll

dbghelp: loaded successfully - version: 4.0.5 - missing functions: none
symbol engine: initialized successfully - sym options: 0x614 - pdb path: .;C:\Program Files\JetBrains\IntelliJ IDEA Community Edition 2019.3.2\jbr\bin;C:\WINDOWS\SYSTEM32;C:\WINDOWS\WinSxS\amd64_microsoft.windows.common-controls_6595b64144ccf1df_6.0.19041.844_none_ca00b6081b84eb1d;C:\Program Files\JetBrains\IntelliJ IDEA Community Edition 2019.3.2\jbr\bin\server

VM Arguments:
java_command: org.jetbrains.git4idea.http.GitAskPassApp Username for 'https://github.com': 
java_class_path (initial): C:/Program Files/JetBrains/IntelliJ IDEA Community Edition 2019.3.2/plugins/git4idea/lib/git4idea-rt.jar;C:/Program Files/JetBrains/IntelliJ IDEA Community Edition 2019.3.2/lib/xmlrpc-2.0.1.jar;C:/Program Files/JetBrains/IntelliJ IDEA Community Edition 2019.3.2/lib/commons-codec-1.13.jar;C:/Program Files/JetBrains/IntelliJ IDEA Community Edition 2019.3.2/lib/util.jar
Launcher Type: SUN_STANDARD

[Global flags]
     intx CICompilerCount                          = 3                                         {product} {ergonomic}
     uint ConcGCThreads                            = 1                                         {product} {ergonomic}
     uint G1ConcRefinementThreads                  = 4                                         {product} {ergonomic}
   size_t G1HeapRegionSize                         = 1048576                                   {product} {ergonomic}
    uintx GCDrainStackTargetSize                   = 64                                        {product} {ergonomic}
   size_t InitialHeapSize                          = 132120576                                 {product} {ergonomic}
   size_t MarkStackSize                            = 4194304                                   {product} {ergonomic}
   size_t MaxHeapSize                              = 2103443456                                {product} {ergonomic}
   size_t MinHeapDeltaBytes                        = 1048576                                   {product} {ergonomic}
    uintx NonNMethodCodeHeapSize                   = 5830732                                {pd product} {ergonomic}
    uintx NonProfiledCodeHeapSize                  = 122913754                              {pd product} {ergonomic}
    uintx ProfiledCodeHeapSize                     = 122913754                              {pd product} {ergonomic}
    uintx ReservedCodeCacheSize                    = 251658240                              {pd product} {ergonomic}
     bool SegmentedCodeCache                       = true                                      {product} {ergonomic}
     bool UseCompressedClassPointers               = true                                 {lp64_product} {ergonomic}
     bool UseCompressedOops                        = true                                 {lp64_product} {ergonomic}
     bool UseG1GC                                  = true                                      {product} {ergonomic}
     bool UseLargePagesIndividualAllocation        = false                                  {pd product} {ergonomic}

Logging:
Log output configuration:
 #0: stdout all=warning uptime,level,tags
 #1: stderr all=off uptime,level,tags

Environment Variables:
JAVA_HOME=C:\Program Files\Java\jdk1.8.0_231
PATH=C:\Program Files\Git\mingw64\libexec\git-core;C:\Program Files\Git\mingw64\libexec\git-core;C:\Program Files\Git\mingw64\bin;C:\Program Files\Git\usr\bin;C:\Users\vihard\bin;C:\WINDOWS\system32;C:\WINDOWS;C:\WINDOWS\System32\Wbem;C:\WINDOWS\System32\WindowsPowerShell\v1.0;C:\WINDOWS\System32\OpenSSH;C:\Program Files\PuTTY;C:\Program Files\Git\cmd;C:\Users\vihard\AppData\Local\Android\Sdk;C:\Users\vihard\AppData\Local\Android\Sdk\emulator;C:\Users\vihard\AppData\Local\Android\Sdk\tools;C:\Users\vihard\AppData\Local\Android\Sdk\platform-tools;C:\Program Files\Java\jdk1.8.0_231\bin;C:\Users\vihard\AppData\Local\Android\Sdk\tools\bin;%ANDROID_AVD_HOME%;%HOME%\.android\avd;C:\Program Files\dotnet;C:\Program Files\nodejs;C:\Program Files\apache-maven-3.6.3\bin;C:\Program Files\MongoDB\Server\4.4\bin;C:\WINDOWS\system32;C:\WINDOWS;C:\WINDOWS\System32\Wbem;C:\WINDOWS\System32\WindowsPowerShell\v1.0;C:\WINDOWS\System32\OpenSSH;C:\Program Files\PuTTY;C:\Program Files\Git\cmd;C:\Users\vihard\AppData\Local\Android\Sdk;C:\Users\vihard\AppData\Local\Android\Sdk\emulator;C:\Users\vihard\AppData\Local\Android\Sdk\tools;C:\Users\vihard\AppData\Local\Android\Sdk\platform-tools;C:\Program Files\Java\jdk1.8.0_231\bin;C:\Users\vihard\AppData\Local\Android\Sdk\tools\bin;%ANDROID_AVD_HOME%;%HOME%\.android\avd;C:\Program Files\dotnet;C:\Program Files\nodejs;C:\Program Files\apache-maven-3.6.3\bin;C:\Windows\system32;C:\Windows;C:\Windows\System32\Wbem;C:\Windows\System32\WindowsPowerShell\v1.0;C:\Windows\System32\OpenSSH;C:\Users\vihard\maven\bin;C:\Program Files (x86)\Common Files\Oracle\Java\javapath;C:\Program Files\Java\jdk1.8.0_201\bin;C:\Users\vihard\AppData\Local\Programs\Python\Python37\Scripts;C:\Users\vihard\AppData\Local\Programs\Python\Python37;C:\Users\vihard\AppData\Local\Programs\Python\Python37-32\Scripts;C:\Users\vihard\AppData\Local\Programs\Python\Python37-32;C:\Windows\System32;C:\Users\vihard\AppData\Roaming\npm;C:\Program Files\Git\;C:\Users\vihard\AppData\Local\Mic
USERNAME=vihard
DISPLAY=:0.0
OS=Windows_NT
PROCESSOR_IDENTIFIER=Intel64 Family 6 Model 78 Stepping 3, GenuineIntel



---------------  S Y S T E M  ---------------

OS: Windows 10 , 64 bit Build 19041 (10.0.19041.928)

CPU:total 4 (initial active 4) (2 cores per cpu, 2 threads per core) family 6 model 78 stepping 3, cmov, cx8, fxsr, mmx, sse, sse2, sse3, ssse3, sse4.1, sse4.2, popcnt, avx, avx2, aes, clmul, erms, 3dnowpref, lzcnt, ht, tsc, tscinvbit, bmi1, bmi2, adx, fma

Memory: 4k page, system-wide physical 8023M (176M free)
TotalPageFile size 25523M (AvailPageFile size 47M)
current process WorkingSet (physical memory assigned to process): 9M, peak: 9M
current process commit charge ("private bytes"): 51M, peak: 177M

vm_info: OpenJDK 64-Bit Server VM (11.0.5+10-b520.30) for windows-amd64 JRE (11.0.5+10-b520.30), built on Dec 24 2019 12:06:09 by "" with MS VC++ 14.0 (VS2015)

END.
